Build started 26/04/2013 10:29:50 p.m..
     1>Project "C:\Users\jorge velez\Dropbox\JORGE\programacion\OF\of_v0.7.4_vs2010_release\apps\emotiv\ofxEmotivExample\example4\CognitivDemo.vcxproj" on node 2 (build target(s)).
     1>InitializeBuildStatus:
         Creating "../build/CognitivDemo/Release\CognitivDemo.unsuccessfulbuild" because "AlwaysCreate" was specified.
       ClCompile:
         C:\Program Files (x86)\Microsoft Visual Studio 10.0\VC\bin\CL.exe /c /I../include /Zi /nologo /W3 /WX- /O2 /Oy- /D WIN32 /D NDEBUG /D _CONSOLE /D _CRT_SECURE_NO_WARNINGS /D _VC80_UPGRADE=0x0710 /D _MBCS /Gm- /EHsc /MT /GS /fp:precise /Zc:wchar_t /Zc:forScope /Fo"../build/CognitivDemo/Release\\" /Fd"../build/CognitivDemo/Release\vc100.pdb" /Gd /TP /analyze- /errorReport:prompt CognitivControl.cpp CognitivDemo.cpp Socket.cpp
         CognitivControl.cpp
         CognitivDemo.cpp
         Socket.cpp
         Generating Code...
       Link:
         C:\Program Files (x86)\Microsoft Visual Studio 10.0\VC\bin\link.exe /ERRORREPORT:PROMPT /OUT:"../bin\CognitivDemo.exe" /INCREMENTAL:NO /NOLOGO kernel32.lib user32.lib gdi32.lib winspool.lib comdlg32.lib advapi32.lib shell32.lib ole32.lib oleaut32.lib uuid.lib odbc32.lib odbccp32.lib /MANIFEST /ManifestFile:"../build/CognitivDemo/Release\CognitivDemo.exe.intermediate.manifest" /MANIFESTUAC:"level='asInvoker' uiAccess='false'" /PDB:"C:\Users\jorge velez\Dropbox\JORGE\programacion\OF\of_v0.7.4_vs2010_release\apps\emotiv\ofxEmotivExample\bin\CognitivDemo.pdb" /SUBSYSTEM:CONSOLE /OPT:REF /OPT:ICF /TLBID:1 /DYNAMICBASE /NXCOMPAT /IMPLIB:"../bin\CognitivDemo.lib" /MACHINE:X86 ../build/CognitivDemo/Release\CognitivControl.obj
         ../build/CognitivDemo/Release\CognitivDemo.obj
         ../build/CognitivDemo/Release\Socket.obj
         CognitivDemo.vcxproj -> C:\Users\jorge velez\Dropbox\JORGE\programacion\OF\of_v0.7.4_vs2010_release\apps\emotiv\ofxEmotivExample\example4\../bin\CognitivDemo.exe
       Manifest:
         C:\Program Files (x86)\Microsoft SDKs\Windows\v7.0A\bin\mt.exe /nologo /verbose /outputresource:"../bin\CognitivDemo.exe;#1" /manifest ../build/CognitivDemo/Release\CognitivDemo.exe.intermediate.manifest
       FinalizeBuildStatus:
         Deleting file "../build/CognitivDemo/Release\CognitivDemo.unsuccessfulbuild".
         Touching "../build/CognitivDemo/Release\CognitivDemo.lastbuildstate".
     1>Done Building Project "C:\Users\jorge velez\Dropbox\JORGE\programacion\OF\of_v0.7.4_vs2010_release\apps\emotiv\ofxEmotivExample\example4\CognitivDemo.vcxproj" (build target(s)).

Build succeeded.

Time Elapsed 00:00:02.22
