Build started 20/03/2013 09:06:57 a.m..
     1>Project "C:\Program Files (x86)\Emotiv Research Edition SDK_v1.0.0.5-PREMIUM\doc\examples\example5\EEGLogger.vcxproj" on node 2 (build target(s)).
     1>InitializeBuildStatus:
         Creating "../build/EEGLogger/Release\EEGLogger.unsuccessfulbuild" because "AlwaysCreate" was specified.
       ClCompile:
         C:\Program Files (x86)\Microsoft Visual Studio 10.0\VC\bin\CL.exe /c /I../include /Zi /nologo /W3 /WX- /O2 /Oy- /GL /D _MBCS /Gm- /EHsc /MD /GS /fp:precise /Zc:wchar_t /Zc:forScope /Fo"../build/EEGLogger/Release\\" /Fd"../build/EEGLogger/Release\vc100.pdb" /Gd /TP /analyze- /errorReport:prompt main.cpp
         main.cpp
       Link:
         C:\Program Files (x86)\Microsoft Visual Studio 10.0\VC\bin\link.exe /ERRORREPORT:PROMPT /OUT:"../bin\EEGLogger.exe" /NOLOGO kernel32.lib user32.lib gdi32.lib winspool.lib comdlg32.lib advapi32.lib shell32.lib ole32.lib oleaut32.lib uuid.lib odbc32.lib odbccp32.lib /MANIFEST /ManifestFile:"../build/EEGLogger/Release\EEGLogger.exe.intermediate.manifest" /MANIFESTUAC:"level='asInvoker' uiAccess='false'" /DEBUG /PDB:"C:\Program Files (x86)\Emotiv Research Edition SDK_v1.0.0.5-PREMIUM\doc\examples\bin\EEGLogger.pdb" /OPT:REF /OPT:ICF /LTCG /TLBID:1 /DYNAMICBASE /NXCOMPAT /IMPLIB:"../bin\EEGLogger.lib" /MACHINE:X86 ../build/EEGLogger/Release\main.obj
         Generating code
         Finished generating code
         EEGLogger.vcxproj -> C:\Program Files (x86)\Emotiv Research Edition SDK_v1.0.0.5-PREMIUM\doc\examples\example5\../bin\EEGLogger.exe
       Manifest:
         C:\Program Files (x86)\Microsoft SDKs\Windows\v7.0A\bin\mt.exe /nologo /verbose /outputresource:"../bin\EEGLogger.exe;#1" /manifest ../build/EEGLogger/Release\EEGLogger.exe.intermediate.manifest
       FinalizeBuildStatus:
         Deleting file "../build/EEGLogger/Release\EEGLogger.unsuccessfulbuild".
         Touching "../build/EEGLogger/Release\EEGLogger.lastbuildstate".
     1>Done Building Project "C:\Program Files (x86)\Emotiv Research Edition SDK_v1.0.0.5-PREMIUM\doc\examples\example5\EEGLogger.vcxproj" (build target(s)).

Build succeeded.

Time Elapsed 00:00:00.85
