Build started 26/04/2013 08:59:08 p.m..
     1>Project "C:\Users\jorge velez\Dropbox\JORGE\programacion\OF\of_v0.7.4_vs2010_release\apps\emotiv\ofxEmotivExample\example2\ExpressivDemo.vcxproj" on node 2 (build target(s)).
     1>InitializeBuildStatus:
         Creating "../build/ExpressivDemo/Release\ExpressivDemo.unsuccessfulbuild" because "AlwaysCreate" was specified.
       ClCompile:
         C:\Program Files (x86)\Microsoft Visual Studio 10.0\VC\bin\CL.exe /c /I../include /Zi /nologo /W3 /WX- /O2 /Oy- /D WIN32 /D NDEBUG /D _CONSOLE /D _CRT_SECURE_NO_WARNINGS /D _VC80_UPGRADE=0x0710 /D _MBCS /Gm- /EHsc /MT /GS /fp:precise /Zc:wchar_t /Zc:forScope /Fo"../build/ExpressivDemo/Release\\" /Fd"../build/ExpressivDemo/Release\vc100.pdb" /Gd /TP /analyze- /errorReport:prompt ExpressivControl.cpp ExpressivDemo.cpp Socket.cpp
         ExpressivControl.cpp
         ExpressivDemo.cpp
         Socket.cpp
         Generating Code...
       Link:
         C:\Program Files (x86)\Microsoft Visual Studio 10.0\VC\bin\link.exe /ERRORREPORT:PROMPT /OUT:"../bin\ExpressivDemo.exe" /INCREMENTAL:NO /NOLOGO kernel32.lib user32.lib gdi32.lib winspool.lib comdlg32.lib advapi32.lib shell32.lib ole32.lib oleaut32.lib uuid.lib odbc32.lib odbccp32.lib /MANIFEST /ManifestFile:"../build/ExpressivDemo/Release\ExpressivDemo.exe.intermediate.manifest" /MANIFESTUAC:"level='asInvoker' uiAccess='false'" /PDB:"C:\Users\jorge velez\Dropbox\JORGE\programacion\OF\of_v0.7.4_vs2010_release\apps\emotiv\ofxEmotivExample\bin\ExpressivDemo.pdb" /SUBSYSTEM:CONSOLE /OPT:REF /OPT:ICF /TLBID:1 /DYNAMICBASE /NXCOMPAT /IMPLIB:"../bin\ExpressivDemo.lib" /MACHINE:X86 ../build/ExpressivDemo/Release\ExpressivControl.obj
         ../build/ExpressivDemo/Release\ExpressivDemo.obj
         ../build/ExpressivDemo/Release\Socket.obj
         ExpressivDemo.vcxproj -> C:\Users\jorge velez\Dropbox\JORGE\programacion\OF\of_v0.7.4_vs2010_release\apps\emotiv\ofxEmotivExample\example2\../bin\ExpressivDemo.exe
       Manifest:
         C:\Program Files (x86)\Microsoft SDKs\Windows\v7.0A\bin\mt.exe /nologo /verbose /outputresource:"../bin\ExpressivDemo.exe;#1" /manifest ../build/ExpressivDemo/Release\ExpressivDemo.exe.intermediate.manifest
       FinalizeBuildStatus:
         Deleting file "../build/ExpressivDemo/Release\ExpressivDemo.unsuccessfulbuild".
         Touching "../build/ExpressivDemo/Release\ExpressivDemo.lastbuildstate".
     1>Done Building Project "C:\Users\jorge velez\Dropbox\JORGE\programacion\OF\of_v0.7.4_vs2010_release\apps\emotiv\ofxEmotivExample\example2\ExpressivDemo.vcxproj" (build target(s)).

Build succeeded.

Time Elapsed 00:00:02.61
