Build started 26/04/2013 08:59:03 p.m..
     1>Project "C:\Users\jorge velez\Dropbox\JORGE\programacion\OF\of_v0.7.4_vs2010_release\apps\emotiv\ofxEmotivExample\example2\ExpressivDemo.vcxproj" on node 2 (build target(s)).
     1>InitializeBuildStatus:
         Creating "../build/ExpressivDemo/Debug\ExpressivDemo.unsuccessfulbuild" because "AlwaysCreate" was specified.
       ClCompile:
         C:\Program Files (x86)\Microsoft Visual Studio 10.0\VC\bin\CL.exe /c /I../include /ZI /nologo /W3 /WX- /Od /Oy- /D WIN32 /D _DEBUG /D _CONSOLE /D _CRT_SECURE_NO_WARNINGS /D _VC80_UPGRADE=0x0710 /D _MBCS /Gm /EHsc /RTC1 /MTd /GS /fp:precise /Zc:wchar_t /Zc:forScope /Fo"../build/ExpressivDemo/Debug\\" /Fd"../build/ExpressivDemo/Debug\vc100.pdb" /Gd /TP /analyze- /errorReport:prompt ExpressivDemo.cpp
         ExpressivDemo.cpp
       ManifestResourceCompile:
         All outputs are up-to-date.
     1>C:\Program Files (x86)\MSBuild\Microsoft.Cpp\v4.0\Microsoft.CppBuild.targets(990,5): warning MSB8012: TargetPath(C:\Users\jorge velez\Dropbox\JORGE\programacion\OF\of_v0.7.4_vs2010_release\apps\emotiv\ofxEmotivExample\example2\../bin\ExpressivDemo.exe) does not match the Linker's OutputFile property value (C:\Users\jorge velez\Dropbox\JORGE\programacion\OF\of_v0.7.4_vs2010_release\apps\emotiv\ofxEmotivExample\bin\ExpressivDemo_debug.exe). This may cause your project to build incorrectly. To correct this, please make sure that $(OutDir), $(TargetName) and $(TargetExt) property values match the value specified in %(Link.OutputFile).
     1>C:\Program Files (x86)\MSBuild\Microsoft.Cpp\v4.0\Microsoft.CppBuild.targets(992,5): warning MSB8012: TargetName(ExpressivDemo) does not match the Linker's OutputFile property value (ExpressivDemo_debug). This may cause your project to build incorrectly. To correct this, please make sure that $(OutDir), $(TargetName) and $(TargetExt) property values match the value specified in %(Link.OutputFile).
       Link:
         C:\Program Files (x86)\Microsoft Visual Studio 10.0\VC\bin\link.exe /ERRORREPORT:PROMPT /OUT:"../bin\ExpressivDemo_debug.exe" /INCREMENTAL /NOLOGO kernel32.lib user32.lib gdi32.lib winspool.lib comdlg32.lib advapi32.lib shell32.lib ole32.lib oleaut32.lib uuid.lib odbc32.lib odbccp32.lib /MANIFEST /ManifestFile:"../build/ExpressivDemo/Debug\ExpressivDemo.exe.intermediate.manifest" /MANIFESTUAC:"level='asInvoker' uiAccess='false'" /DEBUG /PDB:"C:\Users\jorge velez\Dropbox\JORGE\programacion\OF\of_v0.7.4_vs2010_release\apps\emotiv\ofxEmotivExample\bin\ExpressivDemo.pdb" /SUBSYSTEM:CONSOLE /TLBID:1 /DYNAMICBASE /NXCOMPAT /IMPLIB:"../bin\ExpressivDemo.lib" /MACHINE:X86 ../build/ExpressivDemo/Debug\ExpressivDemo.exe.embed.manifest.res
         ../build/ExpressivDemo/Debug\ExpressivControl.obj
         ../build/ExpressivDemo/Debug\ExpressivDemo.obj
         ../build/ExpressivDemo/Debug\Socket.obj
       Manifest:
         C:\Program Files (x86)\Microsoft SDKs\Windows\v7.0A\bin\mt.exe /nologo /verbose /out:"../build/ExpressivDemo/Debug\ExpressivDemo.exe.embed.manifest" /manifest ../build/ExpressivDemo/Debug\ExpressivDemo.exe.intermediate.manifest
         All outputs are up-to-date.
       LinkEmbedManifest:
         All outputs are up-to-date.
         ExpressivDemo.vcxproj -> C:\Users\jorge velez\Dropbox\JORGE\programacion\OF\of_v0.7.4_vs2010_release\apps\emotiv\ofxEmotivExample\example2\../bin\ExpressivDemo.exe
       FinalizeBuildStatus:
         Deleting file "../build/ExpressivDemo/Debug\ExpressivDemo.unsuccessfulbuild".
         Touching "../build/ExpressivDemo/Debug\ExpressivDemo.lastbuildstate".
     1>Done Building Project "C:\Users\jorge velez\Dropbox\JORGE\programacion\OF\of_v0.7.4_vs2010_release\apps\emotiv\ofxEmotivExample\example2\ExpressivDemo.vcxproj" (build target(s)).

Build succeeded.

Time Elapsed 00:00:00.94
